# JRE version: Java(TM) SE Runtime Environment (8.0_112-b15) (build 1.8.0_112-b15)
# Java VM: Java HotSpot(TM) 64-Bit Server VM (25.112-b15 mixed mode windows-amd64 compressed oops)
Heap:
 PSYoungGen      total 18432K, used 6862K [0x00000000eb600000, 0x00000000eca80000, 0x0000000100000000)
  eden space 15872K, 30% used [0x00000000eb600000,0x00000000ebabecc8,0x00000000ec580000)
  from space 2560K, 78% used [0x00000000ec800000,0x00000000ec9f4ba8,0x00000000eca80000)
  to   space 2560K, 0% used [0x00000000ec580000,0x00000000ec580000,0x00000000ec800000)
 ParOldGen       total 42496K, used 522K [0x00000000c2200000, 0x00000000c4b80000, 0x00000000eb600000)
  object space 42496K, 1% used [0x00000000c2200000,0x00000000c2282ba0,0x00000000c4b80000)
 Metaspace       used 8554K, capacity 8703K, committed 8832K, reserved 1056768K
  class space    used 784K, capacity 862K, committed 896K, reserved 1048576K
GC Heap History (4 events):
Event: 5.116 GC heap before
{Heap before GC invocations=1 (full 0):
 PSYoungGen      total 18432K, used 15872K [0x00000000eb600000, 0x00000000eca80000, 0x0000000100000000)
  eden space 15872K, 100% used [0x00000000eb600000,0x00000000ec580000,0x00000000ec580000)
  from space 2560K, 0% used [0x00000000ec800000,0x00000000ec800000,0x00000000eca80000)
  to   space 2560K, 0% used [0x00000000ec580000,0x00000000ec580000,0x00000000ec800000)
 ParOldGen       total 42496K, used 0K [0x00000000c2200000, 0x00000000c4b80000, 0x00000000eb600000)
  object space 42496K, 0% used [0x00000000c2200000,0x00000000c2200000,0x00000000c4b80000)
 Metaspace       used 8111K, capacity 8315K, committed 8576K, reserved 1056768K
  class space    used 737K, capacity 796K, committed 896K, reserved 1048576K
Event: 5.121 GC heap after
Heap after GC invocations=1 (full 0):
 PSYoungGen      total 18432K, used 2530K [0x00000000eb600000, 0x00000000eca80000, 0x0000000100000000)
  eden space 15872K, 0% used [0x00000000eb600000,0x00000000eb600000,0x00000000ec580000)
  from space 2560K, 98% used [0x00000000ec580000,0x00000000ec7f8a98,0x00000000ec800000)
  to   space 2560K, 0% used [0x00000000ec800000,0x00000000ec800000,0x00000000eca80000)
 ParOldGen       total 42496K, used 514K [0x00000000c2200000, 0x00000000c4b80000, 0x00000000eb600000)
  object space 42496K, 1% used [0x00000000c2200000,0x00000000c2280ba0,0x00000000c4b80000)
 Metaspace       used 8111K, capacity 8315K, committed 8576K, reserved 1056768K
  class space    used 737K, capacity 796K, committed 896K, reserved 1048576K
}
Event: 5.720 GC heap before
{Heap before GC invocations=2 (full 0):
 PSYoungGen      total 18432K, used 18214K [0x00000000eb600000, 0x00000000eca80000, 0x0000000100000000)
  eden space 15872K, 98% used [0x00000000eb600000,0x00000000ec5510b0,0x00000000ec580000)
  from space 2560K, 98% used [0x00000000ec580000,0x00000000ec7f8a98,0x00000000ec800000)
  to   space 2560K, 0% used [0x00000000ec800000,0x00000000ec800000,0x00000000eca80000)
 ParOldGen       total 42496K, used 514K [0x00000000c2200000, 0x00000000c4b80000, 0x00000000eb600000)
  object space 42496K, 1% used [0x00000000c2200000,0x00000000c2280ba0,0x00000000c4b80000)
 Metaspace       used 8465K, capacity 8607K, committed 8832K, reserved 1056768K
  class space    used 769K, capacity 830K, committed 896K, reserved 1048576K
Event: 5.724 GC heap after
Heap after GC invocations=2 (full 0):
 PSYoungGen      total 18432K, used 2002K [0x00000000eb600000, 0x00000000eca80000, 0x0000000100000000)
  eden space 15872K, 0% used [0x00000000eb600000,0x00000000eb600000,0x00000000ec580000)
  from space 2560K, 78% used [0x00000000ec800000,0x00000000ec9f4ba8,0x00000000eca80000)
  to   space 2560K, 0% used [0x00000000ec580000,0x00000000ec580000,0x00000000ec800000)
 ParOldGen       total 42496K, used 522K [0x00000000c2200000, 0x00000000c4b80000, 0x00000000eb600000)
  object space 42496K, 1% used [0x00000000c2200000,0x00000000c2282ba0,0x00000000c4b80000)
 Metaspace       used 8465K, capacity 8607K, committed 8832K, reserved 1056768K
  class space    used 769K, capacity 830K, committed 896K, reserved 1048576K
}

